\BOOKMARK [0][-]{chapter.1}{\376\377\0001\000\040\000E\000n\000c\000r\000y\000p\000t\000i\000o\000n\000\040\000u\000s\000i\000n\000g\000\040\000t\000h\000e\000\040\000D\000E\000S\000\040\000a\000l\000g\000o\000r\000i\000t\000h\000m}{}% 1
\BOOKMARK [0][-]{chapter.2}{\376\377\0002\000\040\000F\000i\000l\000e\000\040\000I\000n\000d\000e\000x}{}% 2
\BOOKMARK [1][-]{section.2.1}{\376\377\0002\000.\0001\000\040\000F\000i\000l\000e\000\040\000L\000i\000s\000t}{chapter.2}% 3
\BOOKMARK [0][-]{chapter.3}{\376\377\0003\000\040\000F\000i\000l\000e\000\040\000D\000o\000c\000u\000m\000e\000n\000t\000a\000t\000i\000o\000n}{}% 4
\BOOKMARK [1][-]{section.3.1}{\376\377\0003\000.\0001\000\040\000b\000i\000n\000a\000r\000y\000.\000h\000\040\000F\000i\000l\000e\000\040\000R\000e\000f\000e\000r\000e\000n\000c\000e}{chapter.3}% 5
\BOOKMARK [2][-]{subsection.3.1.1}{\376\377\0003\000.\0001\000.\0001\000\040\000D\000e\000t\000a\000i\000l\000e\000d\000\040\000D\000e\000s\000c\000r\000i\000p\000t\000i\000o\000n}{section.3.1}% 6
\BOOKMARK [2][-]{subsection.3.1.2}{\376\377\0003\000.\0001\000.\0002\000\040\000F\000u\000n\000c\000t\000i\000o\000n\000\040\000D\000o\000c\000u\000m\000e\000n\000t\000a\000t\000i\000o\000n}{section.3.1}% 7
\BOOKMARK [3][-]{subsubsection.3.1.2.1}{\376\377\0003\000.\0001\000.\0002\000.\0001\000\040\000d\000i\000v\000i\000d\000e\000B\000i\000n\000a\000r\000y\000\050\000b\000o\000o\000l\000\040\000b\000i\000n\000a\000r\000y\000[\000]\000,\000\040\000i\000n\000t\000\040\000s\000i\000z\000e\000O\000f\000B\000i\000n\000a\000r\000y\000,\000\040\000b\000o\000o\000l\000\040\000L\000B\000[\000]\000,\000\040\000b\000o\000o\000l\000\040\000R\000B\000[\000]\000\051}{subsection.3.1.2}% 8
\BOOKMARK [3][-]{subsubsection.3.1.2.2}{\376\377\0003\000.\0001\000.\0002\000.\0002\000\040\000o\000v\000e\000r\000w\000r\000i\000t\000e\000\050\000b\000o\000o\000l\000\040\000w\000h\000a\000t\000[\000]\000,\000\040\000b\000o\000o\000l\000\040\000w\000i\000t\000h\000[\000]\000,\000\040\000i\000n\000t\000\040\000n\000o\000O\000f\000I\000n\000d\000e\000x\000e\000s\000\051}{subsection.3.1.2}% 9
\BOOKMARK [1][-]{section.3.2}{\376\377\0003\000.\0002\000\040\000c\000a\000l\000l\000F\000u\000n\000c\000t\000i\000o\000n\000.\000h\000\040\000F\000i\000l\000e\000\040\000R\000e\000f\000e\000r\000e\000n\000c\000e}{chapter.3}% 10
\BOOKMARK [2][-]{subsection.3.2.1}{\376\377\0003\000.\0002\000.\0001\000\040\000D\000e\000t\000a\000i\000l\000e\000d\000\040\000D\000e\000s\000c\000r\000i\000p\000t\000i\000o\000n}{section.3.2}% 11
\BOOKMARK [2][-]{subsection.3.2.2}{\376\377\0003\000.\0002\000.\0002\000\040\000F\000u\000n\000c\000t\000i\000o\000n\000\040\000D\000o\000c\000u\000m\000e\000n\000t\000a\000t\000i\000o\000n}{section.3.2}% 12
\BOOKMARK [3][-]{subsubsection.3.2.2.1}{\376\377\0003\000.\0002\000.\0002\000.\0001\000\040\000c\000a\000l\000l\000F\000u\000n\000c\000t\000i\000o\000n\000\050\000s\000t\000d\000:\000:\000s\000t\000r\000i\000n\000g\000\040\000i\000n\000p\000u\000t\000\051}{subsection.3.2.2}% 13
\BOOKMARK [3][-]{subsubsection.3.2.2.2}{\376\377\0003\000.\0002\000.\0002\000.\0002\000\040\000h\000e\000l\000p\000\050\000\051}{subsection.3.2.2}% 14
\BOOKMARK [1][-]{section.3.3}{\376\377\0003\000.\0003\000\040\000c\000i\000n\000.\000h\000\040\000F\000i\000l\000e\000\040\000R\000e\000f\000e\000r\000e\000n\000c\000e}{chapter.3}% 15
\BOOKMARK [2][-]{subsection.3.3.1}{\376\377\0003\000.\0003\000.\0001\000\040\000D\000e\000t\000a\000i\000l\000e\000d\000\040\000D\000e\000s\000c\000r\000i\000p\000t\000i\000o\000n}{section.3.3}% 16
\BOOKMARK [2][-]{subsection.3.3.2}{\376\377\0003\000.\0003\000.\0002\000\040\000F\000u\000n\000c\000t\000i\000o\000n\000\040\000D\000o\000c\000u\000m\000e\000n\000t\000a\000t\000i\000o\000n}{section.3.3}% 17
\BOOKMARK [3][-]{subsubsection.3.3.2.1}{\376\377\0003\000.\0003\000.\0002\000.\0001\000\040\000c\000l\000e\000a\000r\000B\000u\000f\000f\000e\000r\000\050\000\051}{subsection.3.3.2}% 18
\BOOKMARK [3][-]{subsubsection.3.3.2.2}{\376\377\0003\000.\0003\000.\0002\000.\0002\000\040\000i\000s\000\137\000n\000u\000m\000b\000e\000r\000\050\000c\000o\000n\000s\000t\000\040\000s\000t\000d\000:\000:\000s\000t\000r\000i\000n\000g\000\040\000\046\000s\000\051}{subsection.3.3.2}% 19
\BOOKMARK [3][-]{subsubsection.3.3.2.3}{\376\377\0003\000.\0003\000.\0002\000.\0003\000\040\000t\000r\000i\000m\000\050\000c\000o\000n\000s\000t\000\040\000s\000t\000d\000:\000:\000s\000t\000r\000i\000n\000g\000\040\000\046\000s\000\051}{subsection.3.3.2}% 20
\BOOKMARK [1][-]{section.3.4}{\376\377\0003\000.\0004\000\040\000e\000n\000c\000o\000d\000e\000M\000e\000s\000s\000a\000g\000e\000.\000h\000\040\000F\000i\000l\000e\000\040\000R\000e\000f\000e\000r\000e\000n\000c\000e}{chapter.3}% 21
\BOOKMARK [2][-]{subsection.3.4.1}{\376\377\0003\000.\0004\000.\0001\000\040\000D\000e\000t\000a\000i\000l\000e\000d\000\040\000D\000e\000s\000c\000r\000i\000p\000t\000i\000o\000n}{section.3.4}% 22
\BOOKMARK [2][-]{subsection.3.4.2}{\376\377\0003\000.\0004\000.\0002\000\040\000F\000u\000n\000c\000t\000i\000o\000n\000\040\000D\000o\000c\000u\000m\000e\000n\000t\000a\000t\000i\000o\000n}{section.3.4}% 23
\BOOKMARK [3][-]{subsubsection.3.4.2.1}{\376\377\0003\000.\0004\000.\0002\000.\0001\000\040\000e\000n\000c\000o\000d\000e\000M\000e\000s\000s\000a\000g\000e\000\050\000b\000o\000o\000l\000\040\000b\000i\000n\000a\000r\000y\000M\000e\000s\000s\000a\000g\000e\000[\0006\0004\000]\000,\000\040\000b\000o\000o\000l\000\040\000s\000u\000b\000k\000e\000y\000s\000[\0001\0006\000]\000[\0004\0008\000]\000,\000\040\000b\000o\000o\000l\000\040\000e\000n\000c\000r\000y\000p\000t\000e\000d\000[\0006\0004\000]\000\051}{subsection.3.4.2}% 24
\BOOKMARK [3][-]{subsubsection.3.4.2.2}{\376\377\0003\000.\0004\000.\0002\000.\0002\000\040\000f\000\050\000b\000o\000o\000l\000\040\000R\000[\0003\0002\000]\000,\000\040\000b\000o\000o\000l\000\040\000K\000[\0004\0008\000]\000,\000\040\000b\000o\000o\000l\000\040\000o\000u\000t\000c\000o\000m\000e\000[\0003\0002\000]\000\051}{subsection.3.4.2}% 25
\BOOKMARK [3][-]{subsubsection.3.4.2.3}{\376\377\0003\000.\0004\000.\0002\000.\0003\000\040\000l\000o\000o\000k\000U\000p\000I\000n\000S\000B\000o\000x\000\050\000i\000n\000t\000\040\000w\000h\000i\000c\000h\000,\000\040\000b\000o\000o\000l\000\040\000a\000d\000d\000r\000e\000s\000s\000[\0006\000]\000,\000\040\000b\000o\000o\000l\000\040\000b\000i\000n\000a\000r\000y\000O\000u\000t\000c\000o\000m\000e\000[\0004\000]\000\051}{subsection.3.4.2}% 26
\BOOKMARK [3][-]{subsubsection.3.4.2.4}{\376\377\0003\000.\0004\000.\0002\000.\0004\000\040\000p\000e\000r\000m\000u\000t\000a\000t\000i\000o\000n\000\050\000i\000n\000t\000\040\000p\000e\000r\000m\000u\000t\000a\000t\000i\000o\000n\000[\000]\000,\000\040\000b\000o\000o\000l\000\040\000t\000o\000P\000e\000r\000m\000u\000t\000e\000[\000]\000,\000\040\000b\000o\000o\000l\000\040\000o\000u\000t\000c\000o\000m\000e\000[\000]\000,\000\040\000i\000n\000t\000\040\000s\000i\000z\000e\000O\000f\000P\000e\000r\000m\000u\000t\000a\000t\000i\000o\000n\000\051}{subsection.3.4.2}% 27
\BOOKMARK [3][-]{subsubsection.3.4.2.5}{\376\377\0003\000.\0004\000.\0002\000.\0005\000\040\000X\000O\000R\000\050\000b\000o\000o\000l\000\040\000a\000,\000\040\000b\000o\000o\000l\000\040\000b\000\051}{subsection.3.4.2}% 28
\BOOKMARK [3][-]{subsubsection.3.4.2.6}{\376\377\0003\000.\0004\000.\0002\000.\0006\000\040\000X\000O\000R\000\050\000b\000o\000o\000l\000\040\000w\000h\000e\000r\000e\000[\000]\000,\000\040\000b\000o\000o\000l\000\040\000a\000r\000r\0001\000[\000]\000,\000\040\000b\000o\000o\000l\000\040\000a\000r\000r\0002\000[\000]\000,\000\040\000i\000n\000t\000\040\000n\000o\000O\000f\000N\000u\000m\000b\000e\000r\000s\000\051}{subsection.3.4.2}% 29
\BOOKMARK [1][-]{section.3.5}{\376\377\0003\000.\0005\000\040\000e\000n\000c\000r\000y\000p\000t\000.\000h\000\040\000F\000i\000l\000e\000\040\000R\000e\000f\000e\000r\000e\000n\000c\000e}{chapter.3}% 30
\BOOKMARK [2][-]{subsection.3.5.1}{\376\377\0003\000.\0005\000.\0001\000\040\000D\000e\000t\000a\000i\000l\000e\000d\000\040\000D\000e\000s\000c\000r\000i\000p\000t\000i\000o\000n}{section.3.5}% 31
\BOOKMARK [2][-]{subsection.3.5.2}{\376\377\0003\000.\0005\000.\0002\000\040\000F\000u\000n\000c\000t\000i\000o\000n\000\040\000D\000o\000c\000u\000m\000e\000n\000t\000a\000t\000i\000o\000n}{section.3.5}% 32
\BOOKMARK [3][-]{subsubsection.3.5.2.1}{\376\377\0003\000.\0005\000.\0002\000.\0001\000\040\000c\000h\000a\000n\000g\000e\000R\000o\000o\000t\000\050\000\051}{subsection.3.5.2}% 33
\BOOKMARK [3][-]{subsubsection.3.5.2.2}{\376\377\0003\000.\0005\000.\0002\000.\0002\000\040\000e\000n\000c\000r\000y\000p\000t\000F\000l\000a\000g\000s\000\050\000s\000t\000d\000:\000:\000s\000t\000r\000i\000n\000g\000\040\000c\000a\000l\000l\000,\000\040\000b\000o\000o\000l\000\040\000e\000n\000c\000r\000y\000p\000t\000\051}{subsection.3.5.2}% 34
\BOOKMARK [3][-]{subsubsection.3.5.2.3}{\376\377\0003\000.\0005\000.\0002\000.\0003\000\040\000p\000r\000i\000n\000t\000D\000e\000f\000a\000u\000l\000t\000S\000e\000t\000t\000i\000n\000g\000s\000\050\000\051}{subsection.3.5.2}% 35
\BOOKMARK [3][-]{subsubsection.3.5.2.4}{\376\377\0003\000.\0005\000.\0002\000.\0004\000\040\000p\000r\000i\000n\000t\000R\000o\000o\000t\000\050\000\051}{subsection.3.5.2}% 36
\BOOKMARK [1][-]{section.3.6}{\376\377\0003\000.\0006\000\040\000k\000e\000y\000.\000h\000\040\000F\000i\000l\000e\000\040\000R\000e\000f\000e\000r\000e\000n\000c\000e}{chapter.3}% 37
\BOOKMARK [2][-]{subsection.3.6.1}{\376\377\0003\000.\0006\000.\0001\000\040\000D\000e\000t\000a\000i\000l\000e\000d\000\040\000D\000e\000s\000c\000r\000i\000p\000t\000i\000o\000n}{section.3.6}% 38
\BOOKMARK [2][-]{subsection.3.6.2}{\376\377\0003\000.\0006\000.\0002\000\040\000F\000u\000n\000c\000t\000i\000o\000n\000\040\000D\000o\000c\000u\000m\000e\000n\000t\000a\000t\000i\000o\000n}{section.3.6}% 39
\BOOKMARK [3][-]{subsubsection.3.6.2.1}{\376\377\0003\000.\0006\000.\0002\000.\0001\000\040\000g\000e\000t\000K\000e\000y\000\050\000i\000n\000t\000\040\000k\000e\000y\000[\0008\000]\000\051}{subsection.3.6.2}% 40
\BOOKMARK [3][-]{subsubsection.3.6.2.2}{\376\377\0003\000.\0006\000.\0002\000.\0002\000\040\000k\000e\000y\000T\000o\0008\000B\000y\000t\000e\000s\000\050\000c\000h\000a\000r\000\040\000k\000e\000y\000W\000o\000r\000d\000[\000]\000,\000\040\000i\000n\000t\000\040\000k\000e\000y\000[\0008\000]\000\051}{subsection.3.6.2}% 41
\BOOKMARK [1][-]{section.3.7}{\376\377\0003\000.\0007\000\040\000m\000e\000s\000s\000a\000g\000e\000.\000h\000\040\000F\000i\000l\000e\000\040\000R\000e\000f\000e\000r\000e\000n\000c\000e}{chapter.3}% 42
\BOOKMARK [2][-]{subsection.3.7.1}{\376\377\0003\000.\0007\000.\0001\000\040\000D\000e\000t\000a\000i\000l\000e\000d\000\040\000D\000e\000s\000c\000r\000i\000p\000t\000i\000o\000n}{section.3.7}% 43
\BOOKMARK [2][-]{subsection.3.7.2}{\376\377\0003\000.\0007\000.\0002\000\040\000F\000u\000n\000c\000t\000i\000o\000n\000\040\000D\000o\000c\000u\000m\000e\000n\000t\000a\000t\000i\000o\000n}{section.3.7}% 44
\BOOKMARK [3][-]{subsubsection.3.7.2.1}{\376\377\0003\000.\0007\000.\0002\000.\0001\000\040\000g\000e\000t\000M\000e\000s\000s\000a\000g\000e\000\050\000s\000t\000d\000:\000:\000v\000e\000c\000t\000o\000r\000<\000\040\000u\000n\000s\000i\000g\000n\000e\000d\000\040\000c\000h\000a\000r\000\040\000>\000\040\000\046\000m\000e\000s\000s\000a\000g\000e\000,\000\040\000i\000n\000t\000\040\000i\000n\000p\000u\000t\000S\000\051}{subsection.3.7.2}% 45
\BOOKMARK [3][-]{subsubsection.3.7.2.2}{\376\377\0003\000.\0007\000.\0002\000.\0002\000\040\000m\000e\000s\000s\000a\000g\000e\000E\000x\000p\000a\000n\000d\000\050\000s\000t\000d\000:\000:\000v\000e\000c\000t\000o\000r\000<\000\040\000u\000n\000s\000i\000g\000n\000e\000d\000\040\000c\000h\000a\000r\000\040\000>\000\040\000\046\000m\000e\000s\000s\000a\000g\000e\000\051}{subsection.3.7.2}% 46
\BOOKMARK [3][-]{subsubsection.3.7.2.3}{\376\377\0003\000.\0007\000.\0002\000.\0003\000\040\000m\000e\000s\000s\000a\000g\000e\000T\000o\000B\000i\000n\000a\000r\000y\000\050\000b\000o\000o\000l\000\040\000b\000i\000n\000a\000r\000y\000M\000e\000s\000s\000a\000g\000e\000[\0006\0004\000]\000,\000\040\000s\000t\000d\000:\000:\000v\000e\000c\000t\000o\000r\000<\000\040\000u\000n\000s\000i\000g\000n\000e\000d\000\040\000c\000h\000a\000r\000\040\000>\000\040\000\046\000m\000e\000s\000s\000a\000g\000e\000,\000\040\000s\000i\000z\000e\000\137\000t\000\040\000f\000r\000o\000m\000P\000o\000s\000\051}{subsection.3.7.2}% 47
\BOOKMARK [3][-]{subsubsection.3.7.2.4}{\376\377\0003\000.\0007\000.\0002\000.\0004\000\040\000p\000a\000d\000d\000i\000n\000g\000\050\000i\000n\000t\000\040\000e\000l\000e\000m\000e\000n\000t\000s\000I\000n\000M\000e\000s\000s\000a\000g\000e\000\051}{subsection.3.7.2}% 48
\BOOKMARK [1][-]{section.3.8}{\376\377\0003\000.\0008\000\040\000s\000u\000b\000k\000e\000y\000s\000.\000h\000\040\000F\000i\000l\000e\000\040\000R\000e\000f\000e\000r\000e\000n\000c\000e}{chapter.3}% 49
\BOOKMARK [2][-]{subsection.3.8.1}{\376\377\0003\000.\0008\000.\0001\000\040\000D\000e\000t\000a\000i\000l\000e\000d\000\040\000D\000e\000s\000c\000r\000i\000p\000t\000i\000o\000n}{section.3.8}% 50
\BOOKMARK [2][-]{subsection.3.8.2}{\376\377\0003\000.\0008\000.\0002\000\040\000F\000u\000n\000c\000t\000i\000o\000n\000\040\000D\000o\000c\000u\000m\000e\000n\000t\000a\000t\000i\000o\000n}{section.3.8}% 51
\BOOKMARK [3][-]{subsubsection.3.8.2.1}{\376\377\0003\000.\0008\000.\0002\000.\0001\000\040\000c\000r\000e\000a\000t\000e\000S\000u\000b\000k\000e\000y\000s\000\050\000b\000o\000o\000l\000\040\000b\000i\000n\000a\000r\000y\000K\000e\000y\000[\0008\000\040\0008\000]\000,\000\040\000b\000o\000o\000l\000\040\000s\000u\000b\000k\000e\000y\000s\000[\0001\0006\000]\000[\0004\0008\000]\000\051}{subsection.3.8.2}% 52
\BOOKMARK [3][-]{subsubsection.3.8.2.2}{\376\377\0003\000.\0008\000.\0002\000.\0002\000\040\000l\000e\000f\000t\000S\000h\000i\000f\000t\000\050\000b\000o\000o\000l\000\040\000t\000o\000S\000h\000i\000f\000t\000[\0002\0008\000]\000,\000\040\000i\000n\000t\000\040\000n\000o\000O\000f\000S\000h\000i\000f\000t\000s\000,\000\040\000b\000o\000o\000l\000\040\000d\000e\000s\000t\000i\000n\000a\000t\000i\000o\000n\000[\0002\0008\000]\000\051}{subsection.3.8.2}% 53
\BOOKMARK [1][-]{section.3.9}{\376\377\0003\000.\0009\000\040\000t\000y\000p\000e\000C\000o\000n\000v\000e\000r\000t\000e\000r\000.\000h\000\040\000F\000i\000l\000e\000\040\000R\000e\000f\000e\000r\000e\000n\000c\000e}{chapter.3}% 54
\BOOKMARK [2][-]{subsection.3.9.1}{\376\377\0003\000.\0009\000.\0001\000\040\000D\000e\000t\000a\000i\000l\000e\000d\000\040\000D\000e\000s\000c\000r\000i\000p\000t\000i\000o\000n}{section.3.9}% 55
\BOOKMARK [2][-]{subsection.3.9.2}{\376\377\0003\000.\0009\000.\0002\000\040\000F\000u\000n\000c\000t\000i\000o\000n\000\040\000D\000o\000c\000u\000m\000e\000n\000t\000a\000t\000i\000o\000n}{section.3.9}% 56
\BOOKMARK [3][-]{subsubsection.3.9.2.1}{\376\377\0003\000.\0009\000.\0002\000.\0001\000\040\000t\000o\000B\000i\000n\000a\000r\000y\000\050\000i\000n\000t\000\040\000o\000r\000i\000g\000i\000n\000[\000]\000,\000\040\000b\000o\000o\000l\000\040\000b\000i\000n\000a\000r\000y\000[\000]\000,\000\040\000i\000n\000t\000\040\000n\000o\000O\000f\000N\000u\000m\000b\000e\000r\000s\000\051}{subsection.3.9.2}% 57
\BOOKMARK [3][-]{subsubsection.3.9.2.2}{\376\377\0003\000.\0009\000.\0002\000.\0002\000\040\000t\000o\000D\000e\000c\000i\000m\000a\000l\000\050\000b\000o\000o\000l\000\040\000b\000i\000n\000a\000r\000y\000[\000]\000,\000\040\000i\000n\000t\000\040\000n\000o\000O\000f\000N\000u\000m\000b\000e\000r\000s\000\051}{subsection.3.9.2}% 58
\BOOKMARK [0][-]{section*.11}{\376\377\000I\000n\000d\000e\000x}{}% 59
